Arguments: 
  C:\Program Files\nodejs\node.exe C:\Users\mathe\AppData\Roaming\npm\node_modules\yarn\bin\yarn.js add react-input-mask --save

PATH: 
  C:\Program Files (x86)\NVIDIA Corporation\PhysX\Common;C:\Program Files (x86)\Common Files\Oracle\Java\javapath;C:\WINDOWS\system32;C:\WINDOWS;C:\WINDOWS\System32\Wbem;C:\WINDOWS\System32\WindowsPowerShell\v1.0\;C:\WINDOWS\System32\OpenSSH\;C:\Program Files\nodejs\;C:\Program Files\MySQL\MySQL Shell 8.0\bin\;C:\Users\mathe\AppData\Local\Microsoft\WindowsApps;C:\Users\mathe\AppData\Roaming\npm;C:\Users\mathe\AppData\Local\Programs\Microsoft VS Code\bin

Yarn version: 
  1.22.19

Node version: 
  18.13.0

Platform: 
  win32 x64

Trace: 
  Error: https://registry.yarnpkg.com/@mui/base/-/base-5.0.0-alpha.117.tgz: ESOCKETTIMEDOUT
      at ClientRequest.<anonymous> (C:\Users\mathe\AppData\Roaming\npm\node_modules\yarn\lib\cli.js:141517:19)
      at Object.onceWrapper (node:events:627:28)
      at ClientRequest.emit (node:events:513:28)
      at TLSSocket.emitRequestTimeout (node:_http_client:840:9)
      at Object.onceWrapper (node:events:627:28)
      at TLSSocket.emit (node:events:525:35)
      at Socket._onTimeout (node:net:568:8)
      at listOnTimeout (node:internal/timers:564:17)
      at process.processTimers (node:internal/timers:507:7)

npm manifest: 
  {
    "name": "frontend",
    "version": "0.1.0",
    "private": true,
    "dependencies": {
      "@emotion/react": "^11.10.5",
      "@emotion/styled": "^11.10.5",
      "@mui/material": "^5.11.7",
      "@testing-library/jest-dom": "^5.16.5",
      "@testing-library/react": "^13.4.0",
      "@testing-library/user-event": "^13.5.0",
      "axios": "^1.3.2",
      "bootstrap": "^5.2.3",
      "react": "^18.2.0",
      "react-bootstrap": "^2.7.0",
      "react-dom": "^18.2.0",
      "react-icons": "^4.7.1",
      "react-input-mask": "^2.0.4",
      "react-modal": "^3.16.1",
      "react-router-dom": "^6.8.0",
      "react-scripts": "5.0.1",
      "react-toastify": "^9.1.1",
      "styled-components": "^5.3.6",
      "web-vitals": "^2.1.4"
    },
    "scripts": {
      "start": "react-scripts start",
      "build": "react-scripts build",
      "test": "react-scripts test",
      "eject": "react-scripts eject"
    },
    "eslintConfig": {
      "extends": [
        "react-app",
        "react-app/jest"
      ]
    },
    "browserslist": {
      "production": [
        ">0.2%",
        "not dead",
        "not op_mini all"
      ],
      "development": [
        "last 1 chrome version",
        "last 1 firefox version",
        "last 1 safari version"
      ]
    }
  }

yarn manifest: 
  No manifest

Lockfile: 
  No lockfile
